<?xml version="1.0" encoding="UTF-8"?>
<robot generator="Robot 7.3.2 (Python 3.14.0 on win32)" generated="2025-11-15T01:05:47.447784" rpa="false" schemaversion="5">
<suite id="s1" name="Online" source="C:\Users\wesle\OneDrive\Documentos\Teste Sistema de Vendas Robot Framework\online.robot">
<test id="s1-t1" name="Cenario_1_Standard_User" line="61">
<kw name="Gerar_Dados_Fake">
<kw name="First Name" owner="FakerLibrary">
<msg time="2025-11-15T01:05:47.834227" level="INFO">${nome} = Sydney</msg>
<var>${nome}</var>
<status status="PASS" start="2025-11-15T01:05:47.833923" elapsed="0.000341"/>
</kw>
<kw name="Last Name" owner="FakerLibrary">
<msg time="2025-11-15T01:05:47.834653" level="INFO">${sobrenome} = Allen</msg>
<var>${sobrenome}</var>
<status status="PASS" start="2025-11-15T01:05:47.834373" elapsed="0.000307"/>
</kw>
<kw name="Generate Random String" owner="String">
<msg time="2025-11-15T01:05:47.835263" level="INFO">${cep} = 17320094</msg>
<var>${cep}</var>
<arg>8</arg>
<arg>[NUMBERS]</arg>
<doc>Generates a string with a desired ``length`` from the given ``chars``.</doc>
<status status="PASS" start="2025-11-15T01:05:47.835033" elapsed="0.000252"/>
</kw>
<return>
<value>${nome}</value>
<value>${sobrenome}</value>
<value>${cep}</value>
<status status="PASS" start="2025-11-15T01:05:47.835338" elapsed="0.000079"/>
</return>
<msg time="2025-11-15T01:05:47.835567" level="INFO">${nome} = Sydney</msg>
<msg time="2025-11-15T01:05:47.835596" level="INFO">${sobrenome} = Allen</msg>
<msg time="2025-11-15T01:05:47.835620" level="INFO">${cep} = 17320094</msg>
<var>${nome}</var>
<var>${sobrenome}</var>
<var>${cep}</var>
<status status="PASS" start="2025-11-15T01:05:47.833382" elapsed="0.002253"/>
</kw>
<kw name="Abrir Aplicacao">
<kw name="New Browser" owner="Browser">
<msg time="2025-11-15T01:05:47.836659" level="INFO">{"browser": "chromium", "headless": false, "chromiumSandbox": false, "devtools": false, "handleSIGHUP": true, "handleSIGINT": true, "handleSIGTERM": true, "slowMo": 0.0, "timeout": 30000.0, "tracesDir": "C:\\Users\\wesle\\OneDrive\\Documentos\\Teste Sistema de Vendas Robot Framework\\logs\\browser\\traces\\temp\\49ce4ac0-ac56-4bc7-b859-fc09557dc67b"}</msg>
<msg time="2025-11-15T01:05:47.867618" level="INFO">Starting Browser process C:\Users\wesle\AppData\Local\Python\pythoncore-3.14-64\Lib\site-packages\Browser\wrapper\index.js using at 127.0.0.1:58708</msg>
<msg time="2025-11-15T01:05:48.648215" level="INFO">Successfully created browser with options: {"browser":"chromium","headless":false,"chromiumSandbox":false,"devtools":false,"handleSIGHUP":true,"handleSIGINT":true,"handleSIGTERM":true,"slowMo":0,"timeout":30000,"tracesDir":"C:\\Users\\wesle\\OneDrive\\Documentos\\Teste Sistema de Vendas Robot Framework\\logs\\browser\\traces\\temp\\49ce4ac0-ac56-4bc7-b859-fc09557dc67b"}</msg>
<arg>browser=chromium</arg>
<arg>headless=False</arg>
<tag>BrowserControl</tag>
<tag>Setter</tag>
<doc>Create a new playwright Browser with specified options.</doc>
<status status="PASS" start="2025-11-15T01:05:47.836074" elapsed="0.812362"/>
</kw>
<kw name="New Page" owner="Browser">
<msg time="2025-11-15T01:05:49.536499" level="INFO">Successfully initialized new page object and opened url: https://www.saucedemo.com/</msg>
<msg time="2025-11-15T01:05:49.536744" level="INFO">No context was open. New context was automatically opened when this page is created.</msg>
<arg>${URL}</arg>
<tag>BrowserControl</tag>
<tag>Setter</tag>
<doc>Open a new Page.</doc>
<status status="PASS" start="2025-11-15T01:05:48.648707" elapsed="0.888302"/>
</kw>
<kw name="Get Text" owner="Browser">
<msg time="2025-11-15T01:05:49.616548" level="INFO">Text: 'Swag Labs'</msg>
<arg>text=Swag Labs</arg>
<tag>Assertion</tag>
<tag>Getter</tag>
<tag>PageContent</tag>
<doc>Returns text attribute of the element found by ``selector``.</doc>
<status status="PASS" start="2025-11-15T01:05:49.537403" elapsed="0.079263"/>
</kw>
<status status="PASS" start="2025-11-15T01:05:47.835860" elapsed="1.780952"/>
</kw>
<kw name="Login">
<kw name="Fill Text" owner="Browser">
<msg time="2025-11-15T01:05:49.618309" level="INFO">Fills the text 'standard_user' in the given field.</msg>
<arg>data-test=username</arg>
<arg>${usuario}</arg>
<tag>PageContent</tag>
<tag>Setter</tag>
<doc>Clears and fills the given ``txt`` into the text field found by ``selector``.</doc>
<status status="PASS" start="2025-11-15T01:05:49.617813" elapsed="0.023310"/>
</kw>
<kw name="Fill Text" owner="Browser">
<msg time="2025-11-15T01:05:49.642628" level="INFO">Fills the text 'secret_sauce' in the given field.</msg>
<arg>data-test=password</arg>
<arg>${SENHA}</arg>
<tag>PageContent</tag>
<tag>Setter</tag>
<doc>Clears and fills the given ``txt`` into the text field found by ``selector``.</doc>
<status status="PASS" start="2025-11-15T01:05:49.641555" elapsed="0.023012"/>
</kw>
<kw name="Click" owner="Browser">
<msg time="2025-11-15T01:05:49.665464" level="INFO">Clicks the element 'data-test=login-button'.</msg>
<arg>data-test=login-button</arg>
<tag>PageContent</tag>
<tag>Setter</tag>
<doc>Simulates mouse click on the element found by ``selector``.</doc>
<status status="PASS" start="2025-11-15T01:05:49.664849" elapsed="0.080006"/>
</kw>
<arg>standard_user</arg>
<status status="PASS" start="2025-11-15T01:05:49.617393" elapsed="0.127615"/>
</kw>
<kw name="Validar_E_Adicionar_Produto">
<kw name="Get Text" owner="Browser">
<msg time="2025-11-15T01:05:49.780547" level="INFO">Text: 'Sauce Labs Bike Light'</msg>
<msg time="2025-11-15T01:05:49.780810" level="INFO">${txt} = Sauce Labs Bike Light</msg>
<var>${txt}</var>
<arg>xpath=//div[text()="${nome_produto}"]</arg>
<tag>Assertion</tag>
<tag>Getter</tag>
<tag>PageContent</tag>
<doc>Returns text attribute of the element found by ``selector``.</doc>
<status status="PASS" start="2025-11-15T01:05:49.746125" elapsed="0.034746"/>
</kw>
<kw name="Should Be Equal" owner="BuiltIn">
<arg>${txt}</arg>
<arg>${nome_produto}</arg>
<doc>Fails if the given objects are unequal.</doc>
<status status="PASS" start="2025-11-15T01:05:49.781341" elapsed="0.000589"/>
</kw>
<kw name="Wait For Elements State" owner="Browser">
<msg time="2025-11-15T01:05:49.791799" level="INFO">Waited for Element with selector xpath=//div[@class="inventory_item"][.//div[text()="Sauce Labs Bike Light"]]//div[@class="inventory_item_price"] at state visible</msg>
<arg>xpath=//div[@class="inventory_item"][.//div[text()="${nome_produto}"]]//div[@class="inventory_item_price"]</arg>
<arg>visible</arg>
<arg>5</arg>
<tag>PageContent</tag>
<tag>Wait</tag>
<doc>Waits for the element found by ``selector`` to satisfy state option.</doc>
<status status="PASS" start="2025-11-15T01:05:49.782204" elapsed="0.009801"/>
</kw>
<kw name="Get Text" owner="Browser">
<msg time="2025-11-15T01:05:49.811704" level="INFO">Text: '$9.99'</msg>
<msg time="2025-11-15T01:05:49.811879" level="INFO">${preco} = $9.99</msg>
<var>${preco}</var>
<arg>xpath=//div[@class="inventory_item"][.//div[text()="${nome_produto}"]]//div[@class="inventory_item_price"]</arg>
<tag>Assertion</tag>
<tag>Getter</tag>
<tag>PageContent</tag>
<doc>Returns text attribute of the element found by ``selector``.</doc>
<status status="PASS" start="2025-11-15T01:05:49.792278" elapsed="0.019640"/>
</kw>
<kw name="Should Be Equal" owner="BuiltIn">
<arg>${preco}</arg>
<arg>${preco_produto}</arg>
<doc>Fails if the given objects are unequal.</doc>
<status status="PASS" start="2025-11-15T01:05:49.812127" elapsed="0.000384"/>
</kw>
<kw name="Click" owner="Browser">
<msg time="2025-11-15T01:05:49.813301" level="INFO">Clicks the element 'css=[data-test="add-to-cart-sauce-labs-bike-light"]'.</msg>
<arg>css=[data-test="${add_btn}"]</arg>
<tag>PageContent</tag>
<tag>Setter</tag>
<doc>Simulates mouse click on the element found by ``selector``.</doc>
<status status="PASS" start="2025-11-15T01:05:49.812659" elapsed="0.051640"/>
</kw>
<arg>Sauce Labs Bike Light</arg>
<arg>$9.99</arg>
<arg>add-to-cart-sauce-labs-bike-light</arg>
<status status="PASS" start="2025-11-15T01:05:49.745602" elapsed="0.118819"/>
</kw>
<kw name="Validar_E_Adicionar_Produto">
<kw name="Get Text" owner="Browser">
<msg time="2025-11-15T01:05:49.880919" level="INFO">Text: 'Sauce Labs Fleece Jacket'</msg>
<msg time="2025-11-15T01:05:49.881093" level="INFO">${txt} = Sauce Labs Fleece Jacket</msg>
<var>${txt}</var>
<arg>xpath=//div[text()="${nome_produto}"]</arg>
<tag>Assertion</tag>
<tag>Getter</tag>
<tag>PageContent</tag>
<doc>Returns text attribute of the element found by ``selector``.</doc>
<status status="PASS" start="2025-11-15T01:05:49.865299" elapsed="0.015831"/>
</kw>
<kw name="Should Be Equal" owner="BuiltIn">
<arg>${txt}</arg>
<arg>${nome_produto}</arg>
<doc>Fails if the given objects are unequal.</doc>
<status status="PASS" start="2025-11-15T01:05:49.881334" elapsed="0.000358"/>
</kw>
<kw name="Wait For Elements State" owner="Browser">
<msg time="2025-11-15T01:05:49.887148" level="INFO">Waited for Element with selector xpath=//div[@class="inventory_item"][.//div[text()="Sauce Labs Fleece Jacket"]]//div[@class="inventory_item_price"] at state visible</msg>
<arg>xpath=//div[@class="inventory_item"][.//div[text()="${nome_produto}"]]//div[@class="inventory_item_price"]</arg>
<arg>visible</arg>
<arg>5</arg>
<tag>PageContent</tag>
<tag>Wait</tag>
<doc>Waits for the element found by ``selector`` to satisfy state option.</doc>
<status status="PASS" start="2025-11-15T01:05:49.881836" elapsed="0.005496"/>
</kw>
<kw name="Get Text" owner="Browser">
<msg time="2025-11-15T01:05:49.901313" level="INFO">Text: '$49.99'</msg>
<msg time="2025-11-15T01:05:49.901501" level="INFO">${preco} = $49.99</msg>
<var>${preco}</var>
<arg>xpath=//div[@class="inventory_item"][.//div[text()="${nome_produto}"]]//div[@class="inventory_item_price"]</arg>
<tag>Assertion</tag>
<tag>Getter</tag>
<tag>PageContent</tag>
<doc>Returns text attribute of the element found by ``selector``.</doc>
<status status="PASS" start="2025-11-15T01:05:49.887523" elapsed="0.014018"/>
</kw>
<kw name="Should Be Equal" owner="BuiltIn">
<arg>${preco}</arg>
<arg>${preco_produto}</arg>
<doc>Fails if the given objects are unequal.</doc>
<status status="PASS" start="2025-11-15T01:05:49.901853" elapsed="0.000367"/>
</kw>
<kw name="Click" owner="Browser">
<msg time="2025-11-15T01:05:49.903006" level="INFO">Clicks the element 'css=[data-test="add-to-cart-sauce-labs-fleece-jacket"]'.</msg>
<arg>css=[data-test="${add_btn}"]</arg>
<tag>PageContent</tag>
<tag>Setter</tag>
<doc>Simulates mouse click on the element found by ``selector``.</doc>
<status status="PASS" start="2025-11-15T01:05:49.902377" elapsed="0.047372"/>
</kw>
<arg>Sauce Labs Fleece Jacket</arg>
<arg>$49.99</arg>
<arg>add-to-cart-sauce-labs-fleece-jacket</arg>
<status status="PASS" start="2025-11-15T01:05:49.864868" elapsed="0.085127"/>
</kw>
<kw name="Remover_Produto">
<kw name="Click" owner="Browser">
<msg time="2025-11-15T01:05:49.951855" level="INFO">Clicks the element 'css=[data-test="remove-sauce-labs-bike-light"]'.</msg>
<arg>css=[data-test="${remove_btn}"]</arg>
<tag>PageContent</tag>
<tag>Setter</tag>
<doc>Simulates mouse click on the element found by ``selector``.</doc>
<status status="PASS" start="2025-11-15T01:05:49.951189" elapsed="0.044692"/>
</kw>
<arg>remove-sauce-labs-bike-light</arg>
<status status="PASS" start="2025-11-15T01:05:49.950651" elapsed="0.045377"/>
</kw>
<kw name="Acessar_Carrinho">
<kw name="Click" owner="Browser">
<msg time="2025-11-15T01:05:49.997358" level="INFO">Clicks the element 'css=[data-test="shopping-cart-link"]'.</msg>
<arg>css=[data-test="shopping-cart-link"]</arg>
<tag>PageContent</tag>
<tag>Setter</tag>
<doc>Simulates mouse click on the element found by ``selector``.</doc>
<status status="PASS" start="2025-11-15T01:05:49.996869" elapsed="0.048160"/>
</kw>
<status status="PASS" start="2025-11-15T01:05:49.996434" elapsed="0.048791"/>
</kw>
<kw name="Validar_Produto_No_Carrinho">
<kw name="Wait For Elements State" owner="Browser">
<msg time="2025-11-15T01:05:50.053932" level="INFO">Waited for Element with selector css=[data-test="inventory-item-name"] at state visible</msg>
<arg>css=[data-test="inventory-item-name"]</arg>
<arg>visible</arg>
<arg>5</arg>
<tag>PageContent</tag>
<tag>Wait</tag>
<doc>Waits for the element found by ``selector`` to satisfy state option.</doc>
<status status="PASS" start="2025-11-15T01:05:50.046071" elapsed="0.008146"/>
</kw>
<kw name="Get Text" owner="Browser">
<msg time="2025-11-15T01:05:50.067707" level="INFO">Text: 'Sauce Labs Fleece Jacket'</msg>
<msg time="2025-11-15T01:05:50.067878" level="INFO">${produto} = Sauce Labs Fleece Jacket</msg>
<var>${produto}</var>
<arg>xpath=//div[@class="inventory_item_name" and text()="${nome_produto}"]</arg>
<tag>Assertion</tag>
<tag>Getter</tag>
<tag>PageContent</tag>
<doc>Returns text attribute of the element found by ``selector``.</doc>
<status status="PASS" start="2025-11-15T01:05:50.054773" elapsed="0.013139"/>
</kw>
<kw name="Should Be Equal" owner="BuiltIn">
<arg>${produto}</arg>
<arg>${nome_produto}</arg>
<doc>Fails if the given objects are unequal.</doc>
<status status="PASS" start="2025-11-15T01:05:50.068113" elapsed="0.000361"/>
</kw>
<arg>Sauce Labs Fleece Jacket</arg>
<status status="PASS" start="2025-11-15T01:05:50.045701" elapsed="0.022861"/>
</kw>
<kw name="Finalizar_Compra">
<kw name="Click" owner="Browser">
<msg time="2025-11-15T01:05:50.070119" level="INFO">Clicks the element 'css=[data-test="checkout"]'.</msg>
<arg>css=[data-test="checkout"]</arg>
<tag>PageContent</tag>
<tag>Setter</tag>
<doc>Simulates mouse click on the element found by ``selector``.</doc>
<status status="PASS" start="2025-11-15T01:05:50.069434" elapsed="0.048828"/>
</kw>
<kw name="Fill Text" owner="Browser">
<msg time="2025-11-15T01:05:50.119122" level="INFO">Fills the text 'Sydney' in the given field.</msg>
<arg>css=[data-test="firstName"]</arg>
<arg>${nome}</arg>
<tag>PageContent</tag>
<tag>Setter</tag>
<doc>Clears and fills the given ``txt`` into the text field found by ``selector``.</doc>
<status status="PASS" start="2025-11-15T01:05:50.118488" elapsed="0.018337"/>
</kw>
<kw name="Fill Text" owner="Browser">
<msg time="2025-11-15T01:05:50.138322" level="INFO">Fills the text 'Allen' in the given field.</msg>
<arg>css=[data-test="lastName"]</arg>
<arg>${sobrenome}</arg>
<tag>PageContent</tag>
<tag>Setter</tag>
<doc>Clears and fills the given ``txt`` into the text field found by ``selector``.</doc>
<status status="PASS" start="2025-11-15T01:05:50.137114" elapsed="0.016923"/>
</kw>
<kw name="Fill Text" owner="Browser">
<msg time="2025-11-15T01:05:50.155779" level="INFO">Fills the text '17320094' in the given field.</msg>
<arg>css=[data-test="postalCode"]</arg>
<arg>${cep}</arg>
<tag>PageContent</tag>
<tag>Setter</tag>
<doc>Clears and fills the given ``txt`` into the text field found by ``selector``.</doc>
<status status="PASS" start="2025-11-15T01:05:50.154627" elapsed="0.014741"/>
</kw>
<kw name="Click" owner="Browser">
<msg time="2025-11-15T01:05:50.170604" level="INFO">Clicks the element 'css=[data-test="continue"]'.</msg>
<arg>css=[data-test="continue"]</arg>
<tag>PageContent</tag>
<tag>Setter</tag>
<doc>Simulates mouse click on the element found by ``selector``.</doc>
<status status="PASS" start="2025-11-15T01:05:50.169702" elapsed="0.057009"/>
</kw>
<kw name="Click" owner="Browser">
<msg time="2025-11-15T01:05:50.227527" level="INFO">Clicks the element 'css=[data-test="finish"]'.</msg>
<arg>css=[data-test="finish"]</arg>
<tag>PageContent</tag>
<tag>Setter</tag>
<doc>Simulates mouse click on the element found by ``selector``.</doc>
<status status="PASS" start="2025-11-15T01:05:50.226937" elapsed="0.040911"/>
</kw>
<arg>${nome}</arg>
<arg>${sobrenome}</arg>
<arg>${cep}</arg>
<status status="PASS" start="2025-11-15T01:05:50.068933" elapsed="0.199028"/>
</kw>
<msg time="2025-11-15T01:05:50.282856" level="INFO">Switching context to context=1ac1302d-e7dc-44bd-8f19-29fc9a616dce in CURRENT</msg>
<msg time="2025-11-15T01:05:50.291562" level="INFO">Successfully changed active context: context=1ac1302d-e7dc-44bd-8f19-29fc9a616dce</msg>
<msg time="2025-11-15T01:05:50.342300" level="INFO">Successfully closed Context</msg>
<status status="PASS" start="2025-11-15T01:05:47.832681" elapsed="2.435689"/>
</test>
<test id="s1-t2" name="Cenario_2_Performance_Glitch_User" line="72">
<kw name="Gerar_Dados_Fake">
<kw name="First Name" owner="FakerLibrary">
<msg time="2025-11-15T01:05:50.349276" level="INFO">${nome} = Jonathan</msg>
<var>${nome}</var>
<status status="PASS" start="2025-11-15T01:05:50.348731" elapsed="0.000603"/>
</kw>
<kw name="Last Name" owner="FakerLibrary">
<msg time="2025-11-15T01:05:50.350353" level="INFO">${sobrenome} = Walls</msg>
<var>${sobrenome}</var>
<status status="PASS" start="2025-11-15T01:05:50.349531" elapsed="0.000934"/>
</kw>
<kw name="Generate Random String" owner="String">
<msg time="2025-11-15T01:05:50.351186" level="INFO">${cep} = 77345767</msg>
<var>${cep}</var>
<arg>8</arg>
<arg>[NUMBERS]</arg>
<doc>Generates a string with a desired ``length`` from the given ``chars``.</doc>
<status status="PASS" start="2025-11-15T01:05:50.350695" elapsed="0.000533"/>
</kw>
<return>
<value>${nome}</value>
<value>${sobrenome}</value>
<value>${cep}</value>
<status status="PASS" start="2025-11-15T01:05:50.351385" elapsed="0.000382"/>
</return>
<msg time="2025-11-15T01:05:50.352109" level="INFO">${nome} = Jonathan</msg>
<msg time="2025-11-15T01:05:50.352277" level="INFO">${sobrenome} = Walls</msg>
<msg time="2025-11-15T01:05:50.352336" level="INFO">${cep} = 77345767</msg>
<var>${nome}</var>
<var>${sobrenome}</var>
<var>${cep}</var>
<status status="PASS" start="2025-11-15T01:05:50.348168" elapsed="0.004189"/>
</kw>
<kw name="Abrir Aplicacao">
<kw name="New Browser" owner="Browser">
<msg time="2025-11-15T01:05:50.355320" level="INFO">Switching browser to browser=873b4977-3d7c-47e1-bd12-37ad86849439</msg>
<msg time="2025-11-15T01:05:50.360103" level="INFO">Successfully changed active browser: browser=873b4977-3d7c-47e1-bd12-37ad86849439</msg>
<msg time="2025-11-15T01:05:50.360282" level="INFO">Reusing existing browser with id: browser=873b4977-3d7c-47e1-bd12-37ad86849439</msg>
<arg>browser=chromium</arg>
<arg>headless=False</arg>
<tag>BrowserControl</tag>
<tag>Setter</tag>
<doc>Create a new playwright Browser with specified options.</doc>
<status status="PASS" start="2025-11-15T01:05:50.354288" elapsed="0.006100"/>
</kw>
<kw name="New Page" owner="Browser">
<msg time="2025-11-15T01:05:51.107868" level="INFO">Successfully initialized new page object and opened url: https://www.saucedemo.com/</msg>
<msg time="2025-11-15T01:05:51.108015" level="INFO">No context was open. New context was automatically opened when this page is created.</msg>
<arg>${URL}</arg>
<tag>BrowserControl</tag>
<tag>Setter</tag>
<doc>Open a new Page.</doc>
<status status="PASS" start="2025-11-15T01:05:50.360646" elapsed="0.747662"/>
</kw>
<kw name="Get Text" owner="Browser">
<msg time="2025-11-15T01:05:51.159168" level="INFO">Text: 'Swag Labs'</msg>
<arg>text=Swag Labs</arg>
<tag>Assertion</tag>
<tag>Getter</tag>
<tag>PageContent</tag>
<doc>Returns text attribute of the element found by ``selector``.</doc>
<status status="PASS" start="2025-11-15T01:05:51.108687" elapsed="0.050592"/>
</kw>
<status status="PASS" start="2025-11-15T01:05:50.353608" elapsed="0.805803"/>
</kw>
<kw name="Login">
<kw name="Fill Text" owner="Browser">
<msg time="2025-11-15T01:05:51.160954" level="INFO">Fills the text 'performance_glitch_user' in the given field.</msg>
<arg>data-test=username</arg>
<arg>${usuario}</arg>
<tag>PageContent</tag>
<tag>Setter</tag>
<doc>Clears and fills the given ``txt`` into the text field found by ``selector``.</doc>
<status status="PASS" start="2025-11-15T01:05:51.160283" elapsed="0.013804"/>
</kw>
<kw name="Fill Text" owner="Browser">
<msg time="2025-11-15T01:05:51.175433" level="INFO">Fills the text 'secret_sauce' in the given field.</msg>
<arg>data-test=password</arg>
<arg>${SENHA}</arg>
<tag>PageContent</tag>
<tag>Setter</tag>
<doc>Clears and fills the given ``txt`` into the text field found by ``selector``.</doc>
<status status="PASS" start="2025-11-15T01:05:51.174449" elapsed="0.019098"/>
</kw>
<kw name="Click" owner="Browser">
<msg time="2025-11-15T01:05:51.194538" level="INFO">Clicks the element 'data-test=login-button'.</msg>
<arg>data-test=login-button</arg>
<tag>PageContent</tag>
<tag>Setter</tag>
<doc>Simulates mouse click on the element found by ``selector``.</doc>
<status status="PASS" start="2025-11-15T01:05:51.193801" elapsed="5.073765"/>
</kw>
<arg>performance_glitch_user</arg>
<status status="PASS" start="2025-11-15T01:05:51.159861" elapsed="5.107931"/>
</kw>
<kw name="Validar_E_Adicionar_Produto">
<kw name="Get Text" owner="Browser">
<msg time="2025-11-15T01:05:56.291571" level="INFO">Text: 'Sauce Labs Bike Light'</msg>
<msg time="2025-11-15T01:05:56.291754" level="INFO">${txt} = Sauce Labs Bike Light</msg>
<var>${txt}</var>
<arg>xpath=//div[text()="${nome_produto}"]</arg>
<tag>Assertion</tag>
<tag>Getter</tag>
<tag>PageContent</tag>
<doc>Returns text attribute of the element found by ``selector``.</doc>
<status status="PASS" start="2025-11-15T01:05:56.269329" elapsed="0.022463"/>
</kw>
<kw name="Should Be Equal" owner="BuiltIn">
<arg>${txt}</arg>
<arg>${nome_produto}</arg>
<doc>Fails if the given objects are unequal.</doc>
<status status="PASS" start="2025-11-15T01:05:56.292035" elapsed="0.000584"/>
</kw>
<kw name="Wait For Elements State" owner="Browser">
<msg time="2025-11-15T01:05:56.300608" level="INFO">Waited for Element with selector xpath=//div[@class="inventory_item"][.//div[text()="Sauce Labs Bike Light"]]//div[@class="inventory_item_price"] at state visible</msg>
<arg>xpath=//div[@class="inventory_item"][.//div[text()="${nome_produto}"]]//div[@class="inventory_item_price"]</arg>
<arg>visible</arg>
<arg>5</arg>
<tag>PageContent</tag>
<tag>Wait</tag>
<doc>Waits for the element found by ``selector`` to satisfy state option.</doc>
<status status="PASS" start="2025-11-15T01:05:56.292934" elapsed="0.007932"/>
</kw>
<kw name="Get Text" owner="Browser">
<msg time="2025-11-15T01:05:56.314586" level="INFO">Text: '$9.99'</msg>
<msg time="2025-11-15T01:05:56.314767" level="INFO">${preco} = $9.99</msg>
<var>${preco}</var>
<arg>xpath=//div[@class="inventory_item"][.//div[text()="${nome_produto}"]]//div[@class="inventory_item_price"]</arg>
<tag>Assertion</tag>
<tag>Getter</tag>
<tag>PageContent</tag>
<doc>Returns text attribute of the element found by ``selector``.</doc>
<status status="PASS" start="2025-11-15T01:05:56.301197" elapsed="0.013604"/>
</kw>
<kw name="Should Be Equal" owner="BuiltIn">
<arg>${preco}</arg>
<arg>${preco_produto}</arg>
<doc>Fails if the given objects are unequal.</doc>
<status status="PASS" start="2025-11-15T01:05:56.315030" elapsed="0.000553"/>
</kw>
<kw name="Click" owner="Browser">
<msg time="2025-11-15T01:05:56.316518" level="INFO">Clicks the element 'css=[data-test="add-to-cart-sauce-labs-bike-light"]'.</msg>
<arg>css=[data-test="${add_btn}"]</arg>
<tag>PageContent</tag>
<tag>Setter</tag>
<doc>Simulates mouse click on the element found by ``selector``.</doc>
<status status="PASS" start="2025-11-15T01:05:56.315804" elapsed="0.042411"/>
</kw>
<arg>Sauce Labs Bike Light</arg>
<arg>$9.99</arg>
<arg>add-to-cart-sauce-labs-bike-light</arg>
<status status="PASS" start="2025-11-15T01:05:56.268338" elapsed="0.090031"/>
</kw>
<kw name="Validar_E_Adicionar_Produto">
<kw name="Get Text" owner="Browser">
<msg time="2025-11-15T01:05:56.377978" level="INFO">Text: 'Sauce Labs Fleece Jacket'</msg>
<msg time="2025-11-15T01:05:56.378110" level="INFO">${txt} = Sauce Labs Fleece Jacket</msg>
<var>${txt}</var>
<arg>xpath=//div[text()="${nome_produto}"]</arg>
<tag>Assertion</tag>
<tag>Getter</tag>
<tag>PageContent</tag>
<doc>Returns text attribute of the element found by ``selector``.</doc>
<status status="PASS" start="2025-11-15T01:05:56.359278" elapsed="0.018855"/>
</kw>
<kw name="Should Be Equal" owner="BuiltIn">
<arg>${txt}</arg>
<arg>${nome_produto}</arg>
<doc>Fails if the given objects are unequal.</doc>
<status status="PASS" start="2025-11-15T01:05:56.378281" elapsed="0.000257"/>
</kw>
<kw name="Wait For Elements State" owner="Browser">
<msg time="2025-11-15T01:05:56.385059" level="INFO">Waited for Element with selector xpath=//div[@class="inventory_item"][.//div[text()="Sauce Labs Fleece Jacket"]]//div[@class="inventory_item_price"] at state visible</msg>
<arg>xpath=//div[@class="inventory_item"][.//div[text()="${nome_produto}"]]//div[@class="inventory_item_price"]</arg>
<arg>visible</arg>
<arg>5</arg>
<tag>PageContent</tag>
<tag>Wait</tag>
<doc>Waits for the element found by ``selector`` to satisfy state option.</doc>
<status status="PASS" start="2025-11-15T01:05:56.378726" elapsed="0.006469"/>
</kw>
<kw name="Get Text" owner="Browser">
<msg time="2025-11-15T01:05:56.397044" level="INFO">Text: '$49.99'</msg>
<msg time="2025-11-15T01:05:56.397228" level="INFO">${preco} = $49.99</msg>
<var>${preco}</var>
<arg>xpath=//div[@class="inventory_item"][.//div[text()="${nome_produto}"]]//div[@class="inventory_item_price"]</arg>
<tag>Assertion</tag>
<tag>Getter</tag>
<tag>PageContent</tag>
<doc>Returns text attribute of the element found by ``selector``.</doc>
<status status="PASS" start="2025-11-15T01:05:56.385384" elapsed="0.011888"/>
</kw>
<kw name="Should Be Equal" owner="BuiltIn">
<arg>${preco}</arg>
<arg>${preco_produto}</arg>
<doc>Fails if the given objects are unequal.</doc>
<status status="PASS" start="2025-11-15T01:05:56.397625" elapsed="0.000491"/>
</kw>
<kw name="Click" owner="Browser">
<msg time="2025-11-15T01:05:56.399017" level="INFO">Clicks the element 'css=[data-test="add-to-cart-sauce-labs-fleece-jacket"]'.</msg>
<arg>css=[data-test="${add_btn}"]</arg>
<tag>PageContent</tag>
<tag>Setter</tag>
<doc>Simulates mouse click on the element found by ``selector``.</doc>
<status status="PASS" start="2025-11-15T01:05:56.398388" elapsed="0.043389"/>
</kw>
<arg>Sauce Labs Fleece Jacket</arg>
<arg>$49.99</arg>
<arg>add-to-cart-sauce-labs-fleece-jacket</arg>
<status status="PASS" start="2025-11-15T01:05:56.358772" elapsed="0.083119"/>
</kw>
<kw name="Remover_Produto">
<kw name="Click" owner="Browser">
<msg time="2025-11-15T01:05:56.443008" level="INFO">Clicks the element 'css=[data-test="remove-sauce-labs-bike-light"]'.</msg>
<arg>css=[data-test="${remove_btn}"]</arg>
<tag>PageContent</tag>
<tag>Setter</tag>
<doc>Simulates mouse click on the element found by ``selector``.</doc>
<status status="PASS" start="2025-11-15T01:05:56.442584" elapsed="0.047678"/>
</kw>
<arg>remove-sauce-labs-bike-light</arg>
<status status="PASS" start="2025-11-15T01:05:56.442212" elapsed="0.048167"/>
</kw>
<kw name="Acessar_Carrinho">
<kw name="Click" owner="Browser">
<msg time="2025-11-15T01:05:56.491400" level="INFO">Clicks the element 'css=[data-test="shopping-cart-link"]'.</msg>
<arg>css=[data-test="shopping-cart-link"]</arg>
<tag>PageContent</tag>
<tag>Setter</tag>
<doc>Simulates mouse click on the element found by ``selector``.</doc>
<status status="PASS" start="2025-11-15T01:05:56.491038" elapsed="0.038324"/>
</kw>
<status status="PASS" start="2025-11-15T01:05:56.490704" elapsed="0.038768"/>
</kw>
<kw name="Validar_Produto_No_Carrinho">
<kw name="Wait For Elements State" owner="Browser">
<msg time="2025-11-15T01:05:56.539170" level="INFO">Waited for Element with selector css=[data-test="inventory-item-name"] at state visible</msg>
<arg>css=[data-test="inventory-item-name"]</arg>
<arg>visible</arg>
<arg>5</arg>
<tag>PageContent</tag>
<tag>Wait</tag>
<doc>Waits for the element found by ``selector`` to satisfy state option.</doc>
<status status="PASS" start="2025-11-15T01:05:56.530201" elapsed="0.009098"/>
</kw>
<kw name="Get Text" owner="Browser">
<msg time="2025-11-15T01:05:56.551943" level="INFO">Text: 'Sauce Labs Fleece Jacket'</msg>
<msg time="2025-11-15T01:05:56.552120" level="INFO">${produto} = Sauce Labs Fleece Jacket</msg>
<var>${produto}</var>
<arg>xpath=//div[@class="inventory_item_name" and text()="${nome_produto}"]</arg>
<tag>Assertion</tag>
<tag>Getter</tag>
<tag>PageContent</tag>
<doc>Returns text attribute of the element found by ``selector``.</doc>
<status status="PASS" start="2025-11-15T01:05:56.539453" elapsed="0.012703"/>
</kw>
<kw name="Should Be Equal" owner="BuiltIn">
<arg>${produto}</arg>
<arg>${nome_produto}</arg>
<doc>Fails if the given objects are unequal.</doc>
<status status="PASS" start="2025-11-15T01:05:56.552363" elapsed="0.000364"/>
</kw>
<arg>Sauce Labs Fleece Jacket</arg>
<status status="PASS" start="2025-11-15T01:05:56.529834" elapsed="0.022993"/>
</kw>
<kw name="Finalizar_Compra">
<kw name="Click" owner="Browser">
<msg time="2025-11-15T01:05:56.553923" level="INFO">Clicks the element 'css=[data-test="checkout"]'.</msg>
<arg>css=[data-test="checkout"]</arg>
<tag>PageContent</tag>
<tag>Setter</tag>
<doc>Simulates mouse click on the element found by ``selector``.</doc>
<status status="PASS" start="2025-11-15T01:05:56.553562" elapsed="0.041620"/>
</kw>
<kw name="Fill Text" owner="Browser">
<msg time="2025-11-15T01:05:56.595911" level="INFO">Fills the text 'Jonathan' in the given field.</msg>
<arg>css=[data-test="firstName"]</arg>
<arg>${nome}</arg>
<tag>PageContent</tag>
<tag>Setter</tag>
<doc>Clears and fills the given ``txt`` into the text field found by ``selector``.</doc>
<status status="PASS" start="2025-11-15T01:05:56.595367" elapsed="0.013212"/>
</kw>
<kw name="Fill Text" owner="Browser">
<msg time="2025-11-15T01:05:56.609244" level="INFO">Fills the text 'Walls' in the given field.</msg>
<arg>css=[data-test="lastName"]</arg>
<arg>${sobrenome}</arg>
<tag>PageContent</tag>
<tag>Setter</tag>
<doc>Clears and fills the given ``txt`` into the text field found by ``selector``.</doc>
<status status="PASS" start="2025-11-15T01:05:56.608755" elapsed="0.011952"/>
</kw>
<kw name="Fill Text" owner="Browser">
<msg time="2025-11-15T01:05:56.621754" level="INFO">Fills the text '77345767' in the given field.</msg>
<arg>css=[data-test="postalCode"]</arg>
<arg>${cep}</arg>
<tag>PageContent</tag>
<tag>Setter</tag>
<doc>Clears and fills the given ``txt`` into the text field found by ``selector``.</doc>
<status status="PASS" start="2025-11-15T01:05:56.620980" elapsed="0.014514"/>
</kw>
<kw name="Click" owner="Browser">
<msg time="2025-11-15T01:05:56.636501" level="INFO">Clicks the element 'css=[data-test="continue"]'.</msg>
<arg>css=[data-test="continue"]</arg>
<tag>PageContent</tag>
<tag>Setter</tag>
<doc>Simulates mouse click on the element found by ``selector``.</doc>
<status status="PASS" start="2025-11-15T01:05:56.635880" elapsed="0.044923"/>
</kw>
<kw name="Click" owner="Browser">
<msg time="2025-11-15T01:05:56.681534" level="INFO">Clicks the element 'css=[data-test="finish"]'.</msg>
<arg>css=[data-test="finish"]</arg>
<tag>PageContent</tag>
<tag>Setter</tag>
<doc>Simulates mouse click on the element found by ``selector``.</doc>
<status status="PASS" start="2025-11-15T01:05:56.681032" elapsed="0.051710"/>
</kw>
<arg>${nome}</arg>
<arg>${sobrenome}</arg>
<arg>${cep}</arg>
<status status="PASS" start="2025-11-15T01:05:56.553172" elapsed="0.179820"/>
</kw>
<msg time="2025-11-15T01:05:56.747306" level="INFO">Switching context to context=7a827924-7930-4016-b4d7-7a213e76a3ac in CURRENT</msg>
<msg time="2025-11-15T01:05:56.756104" level="INFO">Successfully changed active context: context=7a827924-7930-4016-b4d7-7a213e76a3ac</msg>
<msg time="2025-11-15T01:05:56.809204" level="INFO">Successfully closed Context</msg>
<status status="PASS" start="2025-11-15T01:05:50.343498" elapsed="6.390378"/>
</test>
<test id="s1-t3" name="Cenario_3_Standard_User_Sem_Itens" line="84">
<kw name="Gerar_Dados_Fake">
<kw name="First Name" owner="FakerLibrary">
<msg time="2025-11-15T01:05:56.814842" level="INFO">${nome} = Lisa</msg>
<var>${nome}</var>
<status status="PASS" start="2025-11-15T01:05:56.814153" elapsed="0.000788"/>
</kw>
<kw name="Last Name" owner="FakerLibrary">
<msg time="2025-11-15T01:05:56.815832" level="INFO">${sobrenome} = Bryant</msg>
<var>${sobrenome}</var>
<status status="PASS" start="2025-11-15T01:05:56.815164" elapsed="0.000722"/>
</kw>
<kw name="Generate Random String" owner="String">
<msg time="2025-11-15T01:05:56.816934" level="INFO">${cep} = 86831297</msg>
<var>${cep}</var>
<arg>8</arg>
<arg>[NUMBERS]</arg>
<doc>Generates a string with a desired ``length`` from the given ``chars``.</doc>
<status status="PASS" start="2025-11-15T01:05:56.816125" elapsed="0.000912"/>
</kw>
<return>
<value>${nome}</value>
<value>${sobrenome}</value>
<value>${cep}</value>
<status status="PASS" start="2025-11-15T01:05:56.817218" elapsed="0.000290"/>
</return>
<msg time="2025-11-15T01:05:56.817996" level="INFO">${nome} = Lisa</msg>
<msg time="2025-11-15T01:05:56.818098" level="INFO">${sobrenome} = Bryant</msg>
<msg time="2025-11-15T01:05:56.818178" level="INFO">${cep} = 86831297</msg>
<var>${nome}</var>
<var>${sobrenome}</var>
<var>${cep}</var>
<status status="PASS" start="2025-11-15T01:05:56.813287" elapsed="0.004930"/>
</kw>
<kw name="Abrir Aplicacao">
<kw name="New Browser" owner="Browser">
<msg time="2025-11-15T01:05:56.821499" level="INFO">Switching browser to browser=873b4977-3d7c-47e1-bd12-37ad86849439</msg>
<msg time="2025-11-15T01:05:56.823846" level="INFO">Successfully changed active browser: browser=873b4977-3d7c-47e1-bd12-37ad86849439</msg>
<msg time="2025-11-15T01:05:56.824040" level="INFO">Reusing existing browser with id: browser=873b4977-3d7c-47e1-bd12-37ad86849439</msg>
<arg>browser=chromium</arg>
<arg>headless=False</arg>
<tag>BrowserControl</tag>
<tag>Setter</tag>
<doc>Create a new playwright Browser with specified options.</doc>
<status status="PASS" start="2025-11-15T01:05:56.820350" elapsed="0.003810"/>
</kw>
<kw name="New Page" owner="Browser">
<msg time="2025-11-15T01:05:57.609451" level="INFO">Successfully initialized new page object and opened url: https://www.saucedemo.com/</msg>
<msg time="2025-11-15T01:05:57.609550" level="INFO">No context was open. New context was automatically opened when this page is created.</msg>
<arg>${URL}</arg>
<tag>BrowserControl</tag>
<tag>Setter</tag>
<doc>Open a new Page.</doc>
<status status="PASS" start="2025-11-15T01:05:56.824430" elapsed="0.785326"/>
</kw>
<kw name="Get Text" owner="Browser">
<msg time="2025-11-15T01:05:57.662539" level="INFO">Text: 'Swag Labs'</msg>
<arg>text=Swag Labs</arg>
<tag>Assertion</tag>
<tag>Getter</tag>
<tag>PageContent</tag>
<doc>Returns text attribute of the element found by ``selector``.</doc>
<status status="PASS" start="2025-11-15T01:05:57.609979" elapsed="0.052647"/>
</kw>
<status status="PASS" start="2025-11-15T01:05:56.819573" elapsed="0.843163"/>
</kw>
<kw name="Login">
<kw name="Fill Text" owner="Browser">
<msg time="2025-11-15T01:05:57.664597" level="INFO">Fills the text 'standard_user' in the given field.</msg>
<arg>data-test=username</arg>
<arg>${usuario}</arg>
<tag>PageContent</tag>
<tag>Setter</tag>
<doc>Clears and fills the given ``txt`` into the text field found by ``selector``.</doc>
<status status="PASS" start="2025-11-15T01:05:57.663961" elapsed="0.014443"/>
</kw>
<kw name="Fill Text" owner="Browser">
<msg time="2025-11-15T01:05:57.679263" level="INFO">Fills the text 'secret_sauce' in the given field.</msg>
<arg>data-test=password</arg>
<arg>${SENHA}</arg>
<tag>PageContent</tag>
<tag>Setter</tag>
<doc>Clears and fills the given ``txt`` into the text field found by ``selector``.</doc>
<status status="PASS" start="2025-11-15T01:05:57.678614" elapsed="0.022024"/>
</kw>
<kw name="Click" owner="Browser">
<msg time="2025-11-15T01:05:57.702239" level="INFO">Clicks the element 'data-test=login-button'.</msg>
<arg>data-test=login-button</arg>
<tag>PageContent</tag>
<tag>Setter</tag>
<doc>Simulates mouse click on the element found by ``selector``.</doc>
<status status="PASS" start="2025-11-15T01:05:57.701378" elapsed="0.087438"/>
</kw>
<arg>standard_user</arg>
<status status="PASS" start="2025-11-15T01:05:57.663348" elapsed="0.125657"/>
</kw>
<kw name="Acessar_Carrinho">
<kw name="Click" owner="Browser">
<msg time="2025-11-15T01:05:57.791110" level="INFO">Clicks the element 'css=[data-test="shopping-cart-link"]'.</msg>
<arg>css=[data-test="shopping-cart-link"]</arg>
<tag>PageContent</tag>
<tag>Setter</tag>
<doc>Simulates mouse click on the element found by ``selector``.</doc>
<status status="PASS" start="2025-11-15T01:05:57.790010" elapsed="0.057014"/>
</kw>
<status status="PASS" start="2025-11-15T01:05:57.789450" elapsed="0.057729"/>
</kw>
<kw name="Click" owner="Browser">
<msg time="2025-11-15T01:05:57.848495" level="INFO">Clicks the element 'css=[data-test="checkout"]'.</msg>
<arg>css=[data-test="checkout"]</arg>
<tag>PageContent</tag>
<tag>Setter</tag>
<doc>Simulates mouse click on the element found by ``selector``.</doc>
<status status="PASS" start="2025-11-15T01:05:57.847617" elapsed="0.047464"/>
</kw>
<kw name="Fill Text" owner="Browser">
<msg time="2025-11-15T01:05:57.896679" level="INFO">Fills the text 'Lisa' in the given field.</msg>
<arg>css=[data-test="firstName"]</arg>
<arg>${nome}</arg>
<tag>PageContent</tag>
<tag>Setter</tag>
<doc>Clears and fills the given ``txt`` into the text field found by ``selector``.</doc>
<status status="PASS" start="2025-11-15T01:05:57.895552" elapsed="0.017803"/>
</kw>
<kw name="Fill Text" owner="Browser">
<msg time="2025-11-15T01:05:57.914905" level="INFO">Fills the text 'Bryant' in the given field.</msg>
<arg>css=[data-test="lastName"]</arg>
<arg>${sobrenome}</arg>
<tag>PageContent</tag>
<tag>Setter</tag>
<doc>Clears and fills the given ``txt`` into the text field found by ``selector``.</doc>
<status status="PASS" start="2025-11-15T01:05:57.913849" elapsed="0.021837"/>
</kw>
<kw name="Fill Text" owner="Browser">
<msg time="2025-11-15T01:05:57.937359" level="INFO">Fills the text '86831297' in the given field.</msg>
<arg>css=[data-test="postalCode"]</arg>
<arg>${cep}</arg>
<tag>PageContent</tag>
<tag>Setter</tag>
<doc>Clears and fills the given ``txt`` into the text field found by ``selector``.</doc>
<status status="PASS" start="2025-11-15T01:05:57.936363" elapsed="0.018131"/>
</kw>
<kw name="Click" owner="Browser">
<msg time="2025-11-15T01:05:57.955697" level="INFO">Clicks the element 'css=[data-test="continue"]'.</msg>
<arg>css=[data-test="continue"]</arg>
<tag>PageContent</tag>
<tag>Setter</tag>
<doc>Simulates mouse click on the element found by ``selector``.</doc>
<status status="PASS" start="2025-11-15T01:05:57.954969" elapsed="0.047951"/>
</kw>
<kw name="Click" owner="Browser">
<msg time="2025-11-15T01:05:58.004135" level="INFO">Clicks the element 'css=[data-test="finish"]'.</msg>
<arg>css=[data-test="finish"]</arg>
<tag>PageContent</tag>
<tag>Setter</tag>
<doc>Simulates mouse click on the element found by ``selector``.</doc>
<status status="PASS" start="2025-11-15T01:05:58.003525" elapsed="0.044701"/>
</kw>
<msg time="2025-11-15T01:05:58.066650" level="INFO">Switching context to context=af3873c1-5000-4d54-ada1-2f14c16c7fb5 in CURRENT</msg>
<msg time="2025-11-15T01:05:58.074947" level="INFO">Successfully changed active context: context=af3873c1-5000-4d54-ada1-2f14c16c7fb5</msg>
<msg time="2025-11-15T01:05:58.126649" level="INFO">Successfully closed Context</msg>
<status status="PASS" start="2025-11-15T01:05:56.810090" elapsed="1.238502"/>
</test>
<doc>Cenários de testes do Sistema de Vendas</doc>
<status status="PASS" start="2025-11-15T01:05:47.449008" elapsed="10.679650"/>
</suite>
<statistics>
<total>
<stat pass="3" fail="0" skip="0">All Tests</stat>
</total>
<tag>
</tag>
<suite>
<stat name="Online" id="s1" pass="3" fail="0" skip="0">Online</stat>
</suite>
</statistics>
<errors>
<msg time="2025-11-15T01:05:47.444517" level="WARN">Error in file 'C:\Users\wesle\OneDrive\Documentos\Teste Sistema de Vendas Robot Framework\online.robot' on line 58: The '[Return]' setting is deprecated. Use the 'RETURN' statement instead.</msg>
</errors>
</robot>
